<?xml version="1.0" encoding="UTF-8"?>
<testng-results skipped="1" failed="0" total="7" passed="6">
  <reporter-output>
  </reporter-output>
  <suite name="Googlesuite" duration-ms="111" started-at="2016-03-15T04:43:02Z" finished-at="2016-03-15T04:43:02Z">
    <groups>
    </groups>
    <test name="GoogleNewsTest" duration-ms="18" started-at="2016-03-15T04:43:02Z" finished-at="2016-03-15T04:43:02Z">
      <class name="com.opit.testng.GoogleNews">
        <test-method status="PASS" signature="testNews()[pri:0, instance:com.opit.testng.GoogleNews@7958e458]" name="testNews" duration-ms="1" started-at="2016-03-14T21:43:02Z" finished-at="2016-03-14T21:43:02Z">
          <reporter-output>
          </reporter-output>
        </test-method> <!-- testNews -->
        <test-method status="PASS" signature="openBrowser()[pri:0, instance:com.opit.testng.GoogleNews@7958e458]" name="openBrowser" is-config="true" duration-ms="0" started-at="2016-03-14T21:43:02Z" finished-at="2016-03-14T21:43:02Z">
          <reporter-output>
          </reporter-output>
        </test-method> <!-- openBrowser -->
        <test-method status="PASS" signature="closeBrowser()[pri:0, instance:com.opit.testng.GoogleNews@7958e458]" name="closeBrowser" is-config="true" duration-ms="0" started-at="2016-03-14T21:43:02Z" finished-at="2016-03-14T21:43:02Z">
          <reporter-output>
          </reporter-output>
        </test-method> <!-- closeBrowser -->
        <test-method status="PASS" signature="openBrowser()[pri:0, instance:com.opit.testng.GoogleNews@7958e458]" name="openBrowser" is-config="true" duration-ms="1" started-at="2016-03-14T21:43:02Z" finished-at="2016-03-14T21:43:02Z">
          <reporter-output>
          </reporter-output>
        </test-method> <!-- openBrowser -->
        <test-method status="PASS" signature="closeBrowser()[pri:0, instance:com.opit.testng.GoogleNews@7958e458]" name="closeBrowser" is-config="true" duration-ms="0" started-at="2016-03-14T21:43:02Z" finished-at="2016-03-14T21:43:02Z">
          <reporter-output>
          </reporter-output>
        </test-method> <!-- closeBrowser -->
        <test-method status="SKIP" signature="testNewsFeed()[pri:0, instance:com.opit.testng.GoogleNews@7958e458]" name="testNewsFeed" duration-ms="0" started-at="2016-03-14T21:43:02Z" finished-at="2016-03-14T21:43:02Z">
          <exception class="org.testng.SkipException">
            <message>
              <![CDATA[skipping this test due to...]]>
            </message>
            <full-stacktrace>
              <![CDATA[org.testng.SkipException: skipping this test due to...
	at com.opit.testng.GoogleNews.testNewsFeed(GoogleNews.java:42)
	at sun.reflect.NativeMethodAccessorImpl.invoke0(Native Method)
	at sun.reflect.NativeMethodAccessorImpl.invoke(NativeMethodAccessorImpl.java:57)
	at sun.reflect.DelegatingMethodAccessorImpl.invoke(DelegatingMethodAccessorImpl.java:43)
	at java.lang.reflect.Method.invoke(Method.java:606)
	at org.testng.internal.MethodInvocationHelper.invokeMethod(MethodInvocationHelper.java:85)
	at org.testng.internal.Invoker.invokeMethod(Invoker.java:639)
	at org.testng.internal.Invoker.invokeTestMethod(Invoker.java:816)
	at org.testng.internal.Invoker.invokeTestMethods(Invoker.java:1124)
	at org.testng.internal.TestMethodWorker.invokeTestMethods(TestMethodWorker.java:125)
	at org.testng.internal.TestMethodWorker.run(TestMethodWorker.java:108)
	at org.testng.TestRunner.privateRun(TestRunner.java:774)
	at org.testng.TestRunner.run(TestRunner.java:624)
	at org.testng.SuiteRunner.runTest(SuiteRunner.java:359)
	at org.testng.SuiteRunner.runSequentially(SuiteRunner.java:354)
	at org.testng.SuiteRunner.privateRun(SuiteRunner.java:312)
	at org.testng.SuiteRunner.run(SuiteRunner.java:261)
	at org.testng.SuiteRunnerWorker.runSuite(SuiteRunnerWorker.java:52)
	at org.testng.SuiteRunnerWorker.run(SuiteRunnerWorker.java:86)
	at org.testng.TestNG.runSuitesSequentially(TestNG.java:1215)
	at org.testng.TestNG.runSuitesLocally(TestNG.java:1140)
	at org.testng.TestNG.run(TestNG.java:1048)
	at org.testng.TestNG.privateMain(TestNG.java:1355)
	at org.testng.TestNG.main(TestNG.java:1324)
]]>
            </full-stacktrace>
          </exception> <!-- org.testng.SkipException -->
          <reporter-output>
          </reporter-output>
        </test-method> <!-- testNewsFeed -->
        <test-method status="PASS" signature="openBrowser()[pri:0, instance:com.opit.testng.GoogleNews@7958e458]" name="openBrowser" is-config="true" duration-ms="1" started-at="2016-03-14T21:43:02Z" finished-at="2016-03-14T21:43:02Z">
          <reporter-output>
          </reporter-output>
        </test-method> <!-- openBrowser -->
        <test-method status="PASS" signature="closeBrowser()[pri:0, instance:com.opit.testng.GoogleNews@7958e458]" name="closeBrowser" is-config="true" duration-ms="0" started-at="2016-03-14T21:43:02Z" finished-at="2016-03-14T21:43:02Z">
          <reporter-output>
          </reporter-output>
        </test-method> <!-- closeBrowser -->
        <test-method status="PASS" signature="testNewsPublish()[pri:0, instance:com.opit.testng.GoogleNews@7958e458]" name="testNewsPublish" duration-ms="0" started-at="2016-03-14T21:43:02Z" finished-at="2016-03-14T21:43:02Z">
          <reporter-output>
          </reporter-output>
        </test-method> <!-- testNewsPublish -->
      </class> <!-- com.opit.testng.GoogleNews -->
    </test> <!-- GoogleNewsTest -->
    <test name="GoogleMailTest" duration-ms="6" started-at="2016-03-15T04:43:02Z" finished-at="2016-03-15T04:43:02Z">
      <class name="com.opit.testng.GmailTest">
        <test-method status="PASS" signature="prepareTests()[pri:0, instance:com.opit.testng.GmailTest@52c93509]" name="prepareTests" is-config="true" duration-ms="0" started-at="2016-03-14T21:43:02Z" finished-at="2016-03-14T21:43:02Z">
          <reporter-output>
          </reporter-output>
        </test-method> <!-- prepareTests -->
        <test-method status="PASS" signature="openBrowser()[pri:0, instance:com.opit.testng.GmailTest@52c93509]" name="openBrowser" is-config="true" duration-ms="1" started-at="2016-03-14T21:43:02Z" finished-at="2016-03-14T21:43:02Z">
          <reporter-output>
          </reporter-output>
        </test-method> <!-- openBrowser -->
        <test-method status="PASS" signature="closeBrowser()[pri:0, instance:com.opit.testng.GmailTest@52c93509]" name="closeBrowser" is-config="true" duration-ms="1" started-at="2016-03-14T21:43:02Z" finished-at="2016-03-14T21:43:02Z">
          <reporter-output>
          </reporter-output>
        </test-method> <!-- closeBrowser -->
        <test-method status="PASS" signature="testReceiveMail()[pri:0, instance:com.opit.testng.GmailTest@52c93509]" name="testReceiveMail" duration-ms="0" started-at="2016-03-14T21:43:02Z" finished-at="2016-03-14T21:43:02Z">
          <reporter-output>
          </reporter-output>
        </test-method> <!-- testReceiveMail -->
        <test-method status="PASS" signature="closeBrowser()[pri:0, instance:com.opit.testng.GmailTest@52c93509]" name="closeBrowser" is-config="true" duration-ms="1" started-at="2016-03-14T21:43:02Z" finished-at="2016-03-14T21:43:02Z">
          <reporter-output>
          </reporter-output>
        </test-method> <!-- closeBrowser -->
        <test-method status="PASS" signature="testSendMail()[pri:0, instance:com.opit.testng.GmailTest@52c93509]" name="testSendMail" duration-ms="0" started-at="2016-03-14T21:43:02Z" finished-at="2016-03-14T21:43:02Z">
          <reporter-output>
          </reporter-output>
        </test-method> <!-- testSendMail -->
        <test-method status="PASS" signature="openBrowser()[pri:0, instance:com.opit.testng.GmailTest@52c93509]" name="openBrowser" is-config="true" duration-ms="0" started-at="2016-03-14T21:43:02Z" finished-at="2016-03-14T21:43:02Z">
          <reporter-output>
          </reporter-output>
        </test-method> <!-- openBrowser -->
        <test-method status="PASS" signature="tearDownTests()[pri:0, instance:com.opit.testng.GmailTest@52c93509]" name="tearDownTests" is-config="true" duration-ms="0" started-at="2016-03-14T21:43:02Z" finished-at="2016-03-14T21:43:02Z">
          <reporter-output>
          </reporter-output>
        </test-method> <!-- tearDownTests -->
      </class> <!-- com.opit.testng.GmailTest -->
    </test> <!-- GoogleMailTest -->
    <test name="GoogleUserRegistrationTest" duration-ms="4" started-at="2016-03-15T04:43:02Z" finished-at="2016-03-15T04:43:02Z">
      <class name="com.opit.testng.GoogleNews">
        <test-method status="PASS" signature="prepareEnvironment()[pri:0, instance:com.opit.testng.GoogleNews@7958e458]" name="prepareEnvironment" is-config="true" duration-ms="12" started-at="2016-03-14T21:43:02Z" finished-at="2016-03-14T21:43:02Z">
          <reporter-output>
          </reporter-output>
        </test-method> <!-- prepareEnvironment -->
        <test-method status="PASS" signature="tearDownEnvironment()[pri:0, instance:com.opit.testng.GoogleNews@7958e458]" name="tearDownEnvironment" is-config="true" duration-ms="0" started-at="2016-03-14T21:43:02Z" finished-at="2016-03-14T21:43:02Z">
          <reporter-output>
          </reporter-output>
        </test-method> <!-- tearDownEnvironment -->
      </class> <!-- com.opit.testng.GoogleNews -->
      <class name="com.opit.testng.ParameterizedTestNg">
        <test-method status="PASS" signature="resgisterUsers(java.lang.String, java.lang.String, java.lang.String)[pri:0, instance:com.opit.testng.ParameterizedTestNg@67a78ec]" name="resgisterUsers" duration-ms="0" started-at="2016-03-14T21:43:02Z" data-provider="getUsersData" finished-at="2016-03-14T21:43:02Z">
          <params>
            <param index="0">
              <value>
                <![CDATA[Anuj]]>
              </value>
            </param>
            <param index="1">
              <value>
                <![CDATA[Patel]]>
              </value>
            </param>
            <param index="2">
              <value>
                <![CDATA[anuj.patel@gmail.com]]>
              </value>
            </param>
          </params>
          <reporter-output>
          </reporter-output>
        </test-method> <!-- resgisterUsers -->
        <test-method status="PASS" signature="resgisterUsers(java.lang.String, java.lang.String, java.lang.String)[pri:0, instance:com.opit.testng.ParameterizedTestNg@67a78ec]" name="resgisterUsers" duration-ms="0" started-at="2016-03-14T21:43:02Z" data-provider="getUsersData" finished-at="2016-03-14T21:43:02Z">
          <params>
            <param index="0">
              <value>
                <![CDATA[Himesh]]>
              </value>
            </param>
            <param index="1">
              <value>
                <![CDATA[Jindal]]>
              </value>
            </param>
            <param index="2">
              <value>
                <![CDATA[jindal.himesh@gmail.com]]>
              </value>
            </param>
          </params>
          <reporter-output>
          </reporter-output>
        </test-method> <!-- resgisterUsers -->
      </class> <!-- com.opit.testng.ParameterizedTestNg -->
    </test> <!-- GoogleUserRegistrationTest -->
  </suite> <!-- Googlesuite -->
</testng-results>
