<?xml version="1.0" encoding="UTF-8"?>
<!-- Generated by org.testng.reporters.JUnitXMLReporter -->
<testsuite hostname="WINDOWS-H1ADOPU" name="GoogleUserRegistrationTest" tests="2" failures="0" timestamp="15 Mar 2016 04:43:02 GMT" time="0.004" errors="0">
  <testcase name="resgisterUsers" time="0.0" classname="com.opit.testng.ParameterizedTestNg"/>
  <testcase name="resgisterUsers" time="0.0" classname="com.opit.testng.ParameterizedTestNg"/>
</testsuite> <!-- GoogleUserRegistrationTest -->
