<?xml version="1.0" encoding="UTF-8"?>
<!-- Generated by org.testng.reporters.JUnitXMLReporter -->
<testsuite hostname="WINDOWS-H1ADOPU" name="GoogleNewsTest" tests="3" failures="0" timestamp="15 Mar 2016 04:43:02 GMT" time="0.018" errors="0">
  <testcase name="testNews" time="0.001" classname="com.opit.testng.GoogleNews"/>
  <testcase name="testNewsFeed" time="0.0" classname="com.opit.testng.GoogleNews">
    <skipped/>
  </testcase> <!-- testNewsFeed -->
  <testcase name="testNewsPublish" time="0.0" classname="com.opit.testng.GoogleNews"/>
</testsuite> <!-- GoogleNewsTest -->
