<?xml version="1.0" encoding="UTF-8"?>
<!-- Generated by org.testng.reporters.JUnitXMLReporter -->
<testsuite hostname="shrutis-MacBook-Pro.local" name="SuiteTwoCaseTwo" tests="1" failures="0" timestamp="28 Apr 2016 03:28:29 GMT" time="0.001" errors="0">
  <testcase name="@BeforeSuite checkSuiteToRun" time="0.0" classname="com.cit.SuiteTwo.SuiteTwoCaseTwo">
    <failure type="java.lang.NullPointerException">
      <![CDATA[java.lang.NullPointerException
	at com.cit.Utility.Read_XLS.retrieveToRunFlag(Read_XLS.java:62)
	at com.cit.Utility.SuiteUtility.checkToRunUtility(SuiteUtility.java:8)
	at com.cit.SuiteTwo.SuiteTwoBase.checkSuiteToRun(SuiteTwoBase.java:29)
... Removed 19 stack frames]]>
    </failure>
  </testcase> <!-- @BeforeSuite checkSuiteToRun -->
  <testcase name="@BeforeTest checkCaseToRun" time="0.0" classname="com.cit.SuiteTwo.SuiteTwoCaseTwo">
    <skipped/>
  </testcase> <!-- @BeforeTest checkCaseToRun -->
  <testcase name="SuiteTwoCaseTwoTest" time="0.0" classname="com.cit.SuiteTwo.SuiteTwoCaseTwo">
    <skipped/>
  </testcase> <!-- SuiteTwoCaseTwoTest -->
</testsuite> <!-- SuiteTwoCaseTwo -->
