<?xml version="1.0" encoding="UTF-8"?>
<!-- Generated by org.testng.reporters.JUnitXMLReporter -->
<testsuite hostname="shrutis-MacBook-Pro.local" name="SuiteTwoCaseOne" tests="1" failures="0" timestamp="28 Apr 2016 03:28:29 GMT" time="0.002" errors="0">
  <testcase name="@BeforeTest checkCaseToRun" time="0.0" classname="com.cit.SuiteTwo.SuiteTwoCaseOne">
    <skipped/>
  </testcase> <!-- @BeforeTest checkCaseToRun -->
  <testcase name="SuiteTwoCaseOneTest" time="0.0" classname="com.cit.SuiteTwo.SuiteTwoCaseOne">
    <skipped/>
  </testcase> <!-- SuiteTwoCaseOneTest -->
</testsuite> <!-- SuiteTwoCaseOne -->
