<?xml version="1.0" encoding="UTF-8"?>
<testng-results skipped="0" failed="0" total="1" passed="1">
  <reporter-output>
  </reporter-output>
  <suite name="Command line suite" duration-ms="3823" started-at="2016-03-28T04:59:11Z" finished-at="2016-03-28T04:59:14Z">
    <groups>
    </groups>
    <test name="Command line test" duration-ms="3823" started-at="2016-03-28T04:59:11Z" finished-at="2016-03-28T04:59:14Z">
      <class name="com.opit.test.datadriven.suiteA.Test1">
        <test-method status="PASS" signature="test1()[pri:0, instance:com.opit.test.datadriven.suiteA.Test1@81818b6]" name="test1" duration-ms="3746" started-at="2016-03-27T21:59:11Z" finished-at="2016-03-27T21:59:14Z">
          <reporter-output>
          </reporter-output>
        </test-method> <!-- test1 -->
      </class> <!-- com.opit.test.datadriven.suiteA.Test1 -->
    </test> <!-- Command line test -->
  </suite> <!-- Command line suite -->
</testng-results>
