<?xml version="1.0" encoding="UTF-8"?>
<!-- Generated by org.testng.reporters.JUnitXMLReporter -->
<testsuite hostname="shrutis-MacBook-Pro.local" name="SuiteOneCaseOne" tests="1" failures="0" timestamp="28 Apr 2016 03:28:28 GMT" time="0.01" errors="0">
  <testcase name="@BeforeTest checkCaseToRun" time="0.0" classname="com.cit.SuiteOne.SuiteOneCaseOne">
    <skipped/>
  </testcase> <!-- @BeforeTest checkCaseToRun -->
  <testcase name="@AfterTest closeBrowser" time="0.0" classname="com.cit.SuiteOne.SuiteOneCaseOne">
    <skipped/>
  </testcase> <!-- @AfterTest closeBrowser -->
  <testcase name="SuiteOneCaseOneTest" time="0.0" classname="com.cit.SuiteOne.SuiteOneCaseOne">
    <skipped/>
  </testcase> <!-- SuiteOneCaseOneTest -->
</testsuite> <!-- SuiteOneCaseOne -->
